<?xml version="1.0" encoding="UTF-8"?>
<!-- Generated by org.testng.reporters.JUnitXMLReporter -->
<testsuite ignored="0" hostname="DESKTOP-PDKOP6A" failures="2" tests="6" name="Surefire test" time="22.961" errors="0" timestamp="2023-04-29T21:53:52 IST">
  <testcase classname="api.test.DDTests" name="testpostuser" time="4.305">
    <failure type="org.testng.internal.reflect.MethodMatcherException" message="
[public void api.test.DDTests.testpostuser(java.lang.String,java.lang.String,java.lang.String,java.lang.String,java.lang.String,java.lang.String)] has no parameters defined but was found to be using a data provider (either explicitly specified or inherited from class level annotation).
Data provider mismatch
Method: testpostuser([Parameter{index=0, type=java.lang.String, declaredAnnotations=[]}, Parameter{index=1, type=java.lang.String, declaredAnnotations=[]}, Parameter{index=2, type=java.lang.String, declaredAnnotations=[]}, Parameter{index=3, type=java.lang.String, declaredAnnotations=[]}, Parameter{index=4, type=java.lang.String, declaredAnnotations=[]}, Parameter{index=5, type=java.lang.String, declaredAnnotations=[]}])
Arguments: [(java.lang.String) 1001,(java.lang.String) harikaKosanam,(java.lang.String) harika]">
      <![CDATA[org.testng.internal.reflect.MethodMatcherException: 
[public void api.test.DDTests.testpostuser(java.lang.String,java.lang.String,java.lang.String,java.lang.String,java.lang.String,java.lang.String)] has no parameters defined but was found to be using a data provider (either explicitly specified or inherited from class level annotation).
Data provider mismatch
Method: testpostuser([Parameter{index=0, type=java.lang.String, declaredAnnotations=[]}, Parameter{index=1, type=java.lang.String, declaredAnnotations=[]}, Parameter{index=2, type=java.lang.String, declaredAnnotations=[]}, Parameter{index=3, type=java.lang.String, declaredAnnotations=[]}, Parameter{index=4, type=java.lang.String, declaredAnnotations=[]}, Parameter{index=5, type=java.lang.String, declaredAnnotations=[]}])
Arguments: [(java.lang.String) 1001,(java.lang.String) harikaKosanam,(java.lang.String) harika]
at java.base/java.util.ArrayList.forEach(ArrayList.java:1541)
... Removed 27 stack frames]]>
    </failure>
  </testcase> <!-- testpostuser -->
  <testcase classname="api.test.DDTests" name="testDeleteUserByName" time="0.0">
    <failure type="org.testng.TestNGException" message="
Method public void api.test.DDTests.testDeleteUserByName(java.lang.String) requires a @DataProvider named : UserNames in class api.utilities.DataProviders">
      <![CDATA[org.testng.TestNGException: 
Method public void api.test.DDTests.testDeleteUserByName(java.lang.String) requires a @DataProvider named : UserNames in class api.utilities.DataProviders
at java.base/java.util.ArrayList.forEach(ArrayList.java:1541)
... Removed 29 stack frames]]>
    </failure>
  </testcase> <!-- testDeleteUserByName -->
  <testcase classname="api.test.UserTest" name="testpostuser" time="8.138"/>
  <testcase classname="api.test.UserTest" name="testGetUserByName" time="2.773"/>
  <testcase classname="api.test.UserTest" name="testUpdateUserByName" time="4.914"/>
  <testcase classname="api.test.UserTest" name="testDeleteUserByname" time="2.001"/>
</testsuite> <!-- Surefire test -->
