<?xml version="1.0" encoding="UTF-8"?>
<!-- Generated by org.testng.reporters.JUnitXMLReporter -->
<testsuite ignored="0" hostname="DESKTOP-PDKOP6A" failures="0" tests="4" name="Default test" time="12.154" errors="0" timestamp="2023-04-06T14:50:13 IST">
  <testcase classname="api.test.UserTest" name="testpostuser" time="5.403"/>
  <testcase classname="api.test.UserTest" name="testGetUserByName" time="1.354"/>
  <testcase classname="api.test.UserTest" name="testUpdateUserByName" time="2.569"/>
  <testcase classname="api.test.UserTest" name="testDeleteUserByname" time="1.272"/>
</testsuite> <!-- Default test -->
