<?xml version="1.0" encoding="UTF-8"?>
<!-- Generated by org.testng.reporters.JUnitXMLReporter -->
<testsuite ignored="0" hostname="DESKTOP-PDKOP6A" failures="0" tests="4" name="Test" time="16.216" errors="0" timestamp="2023-04-29T21:33:25 IST">
  <testcase classname="api.test.UserTest2" name="testpostuser" time="7.327"/>
  <testcase classname="api.test.UserTest2" name="testGetUserByName" time="1.293"/>
  <testcase classname="api.test.UserTest2" name="testUpdateUserByName" time="3.118"/>
  <testcase classname="api.test.UserTest2" name="testDeleteUserByname" time="1.249"/>
</testsuite> <!-- Test -->
