<?xml version="1.0" encoding="UTF-8"?>
<!-- Generated by org.testng.reporters.JUnitXMLReporter -->
<testsuite ignored="0" hostname="DESKTOP-PDKOP6A" failures="0" tests="4" name="Test" time="21.751" errors="0" timestamp="2023-04-29T22:16:30 IST">
  <testcase classname="api.test.UserTest2" name="testpostuser" time="8.277"/>
  <testcase classname="api.test.UserTest2" name="testGetUserByName" time="2.32"/>
  <testcase classname="api.test.UserTest2" name="testUpdateUserByName" time="6.083"/>
  <testcase classname="api.test.UserTest2" name="testDeleteUserByname" time="2.318"/>
</testsuite> <!-- Test -->
