<?xml version="1.0" encoding="UTF-8"?>
<testsuite xmlns:xsi="http://www.w3.org/2001/XMLSchema-instance" xsi:noNamespaceSchemaLocation="https://maven.apache.org/surefire/maven-surefire-plugin/xsd/surefire-test-report-3.0.xsd" version="3.0" name="TestSuite" time="24.189" tests="4" errors="0" skipped="0" failures="0">
  <properties>
[...]
</properties>
  <testcase name="testpostuser" classname="api.test.UserTest2" time="8.336">
    <system-out><![CDATA[HTTP/1.1 200 OK
Date: Sat, 29 Apr 2023 16:46:18 GMT
Content-Type: application/json
Transfer-Encoding: chunked
Connection: keep-alive
Access-Control-Allow-Origin: *
Access-Control-Allow-Methods: GET, POST, DELETE, PUT
Access-Control-Allow-Headers: Content-Type, api_key, Authorization
Server: Jetty(9.2.9.v20150224)

{
    "code": 200,
    "type": "unknown",
    "message": "735085430"
}
]]></system-out>
  </testcase>
  <testcase name="testGetUserByName" classname="api.test.UserTest2" time="2.319">
    <system-out><![CDATA[HTTP/1.1 200 OK
Date: Sat, 29 Apr 2023 16:46:21 GMT
Content-Type: application/json
Transfer-Encoding: chunked
Connection: keep-alive
Access-Control-Allow-Origin: *
Access-Control-Allow-Methods: GET, POST, DELETE, PUT
Access-Control-Allow-Headers: Content-Type, api_key, Authorization
Server: Jetty(9.2.9.v20150224)

{
    "id": 735085430,
    "username": "kelvin.wolf",
    "email": "huey.williamson@example.com",
    "phone": "817.692.9029",
    "userStatus": 0
}
]]></system-out>
  </testcase>
  <testcase name="testUpdateUserByName" classname="api.test.UserTest2" time="6.076">
    <system-out><![CDATA[{
    "code": 200,
    "type": "unknown",
    "message": "735085430"
}
HTTP/1.1 200 OK
Date: Sat, 29 Apr 2023 16:46:24 GMT
Content-Type: application/json
Transfer-Encoding: chunked
Connection: keep-alive
Access-Control-Allow-Origin: *
Access-Control-Allow-Methods: GET, POST, DELETE, PUT
Access-Control-Allow-Headers: Content-Type, api_key, Authorization
Server: Jetty(9.2.9.v20150224)

{
    "code": 200,
    "type": "unknown",
    "message": "735085430"
}
]]></system-out>
  </testcase>
  <testcase name="testDeleteUserByname" classname="api.test.UserTest2" time="2.314"/>
</testsuite>