<?xml version="1.0" encoding="UTF-8"?>
<testng-results ignored="0" total="4" passed="4" failed="0" skipped="0">
  <reporter-output>
  </reporter-output>
  <suite started-at="2023-04-29T22:16:08 IST" name="Suite" finished-at="2023-04-29T22:16:30 IST" duration-ms="21751">
    <groups>
    </groups>
    <test started-at="2023-04-29T22:16:08 IST" name="Test" finished-at="2023-04-29T22:16:30 IST" duration-ms="21751">
      <class name="api.test.UserTest2">
        <test-method is-config="true" signature="setup()[pri:0, instance:api.test.UserTest2@55b53d44]" started-at="2023-04-29T22:16:09 IST" name="setup" finished-at="2023-04-29T22:16:11 IST" duration-ms="1984" status="PASS">
          <reporter-output>
          </reporter-output>
        </test-method> <!-- setup -->
        <test-method signature="testpostuser()[pri:1, instance:api.test.UserTest2@55b53d44]" started-at="2023-04-29T22:16:11 IST" name="testpostuser" finished-at="2023-04-29T22:16:19 IST" duration-ms="8277" status="PASS">
          <reporter-output>
          </reporter-output>
        </test-method> <!-- testpostuser -->
        <test-method signature="testGetUserByName()[pri:2, instance:api.test.UserTest2@55b53d44]" started-at="2023-04-29T22:16:19 IST" name="testGetUserByName" finished-at="2023-04-29T22:16:21 IST" duration-ms="2320" status="PASS">
          <reporter-output>
          </reporter-output>
        </test-method> <!-- testGetUserByName -->
        <test-method signature="testUpdateUserByName()[pri:3, instance:api.test.UserTest2@55b53d44]" started-at="2023-04-29T22:16:21 IST" name="testUpdateUserByName" finished-at="2023-04-29T22:16:28 IST" duration-ms="6083" status="PASS">
          <reporter-output>
          </reporter-output>
        </test-method> <!-- testUpdateUserByName -->
        <test-method signature="testDeleteUserByname()[pri:4, instance:api.test.UserTest2@55b53d44]" started-at="2023-04-29T22:16:28 IST" name="testDeleteUserByname" finished-at="2023-04-29T22:16:30 IST" duration-ms="2318" status="PASS">
          <reporter-output>
          </reporter-output>
        </test-method> <!-- testDeleteUserByname -->
      </class> <!-- api.test.UserTest2 -->
    </test> <!-- Test -->
  </suite> <!-- Suite -->
</testng-results>
