<?xml version="1.0" encoding="UTF-8"?>
<testng-results ignored="0" total="4" passed="4" failed="0" skipped="0">
  <reporter-output>
  </reporter-output>
  <suite started-at="2023-04-29T21:33:09 IST" name="Suite" finished-at="2023-04-29T21:33:25 IST" duration-ms="16216">
    <groups>
    </groups>
    <test started-at="2023-04-29T21:33:09 IST" name="Test" finished-at="2023-04-29T21:33:25 IST" duration-ms="16216">
      <class name="api.test.UserTest2">
        <test-method is-config="true" signature="setup()[pri:0, instance:api.test.UserTest2@6a370f4]" started-at="2023-04-29T21:33:10 IST" name="setup" finished-at="2023-04-29T21:33:12 IST" duration-ms="2208" status="PASS">
          <reporter-output>
          </reporter-output>
        </test-method> <!-- setup -->
        <test-method signature="testpostuser()[pri:1, instance:api.test.UserTest2@6a370f4]" started-at="2023-04-29T21:33:12 IST" name="testpostuser" finished-at="2023-04-29T21:33:20 IST" duration-ms="7327" status="PASS">
          <reporter-output>
          </reporter-output>
        </test-method> <!-- testpostuser -->
        <test-method signature="testGetUserByName()[pri:2, instance:api.test.UserTest2@6a370f4]" started-at="2023-04-29T21:33:20 IST" name="testGetUserByName" finished-at="2023-04-29T21:33:21 IST" duration-ms="1293" status="PASS">
          <reporter-output>
          </reporter-output>
        </test-method> <!-- testGetUserByName -->
        <test-method signature="testUpdateUserByName()[pri:3, instance:api.test.UserTest2@6a370f4]" started-at="2023-04-29T21:33:21 IST" name="testUpdateUserByName" finished-at="2023-04-29T21:33:24 IST" duration-ms="3118" status="PASS">
          <reporter-output>
          </reporter-output>
        </test-method> <!-- testUpdateUserByName -->
        <test-method signature="testDeleteUserByname()[pri:4, instance:api.test.UserTest2@6a370f4]" started-at="2023-04-29T21:33:24 IST" name="testDeleteUserByname" finished-at="2023-04-29T21:33:25 IST" duration-ms="1249" status="PASS">
          <reporter-output>
          </reporter-output>
        </test-method> <!-- testDeleteUserByname -->
      </class> <!-- api.test.UserTest2 -->
    </test> <!-- Test -->
  </suite> <!-- Suite -->
</testng-results>
